<?xml version="1.0" encoding="UTF-8"?>
<!-- Generated by org.testng.reporters.JUnitReportReporter -->
<testsuite hostname="Emtiaz-Surface" name="FirstMobileTest.mobileTest" tests="1" failures="0" timestamp="1 Sep 2016 02:05:44 GMT" time="41.986" errors="0">
  <testcase name="test1" time="41.986" classname="FirstMobileTest.mobileTest"/>
</testsuite> <!-- FirstMobileTest.mobileTest -->
