<?xml version="1.0" encoding="UTF-8"?>
<!-- Generated by org.testng.reporters.JUnitReportReporter -->
<testsuite hostname="Emtiaz-Surface" name="whatappTest.whatsapp" tests="1" failures="0" timestamp="31 Aug 2016 03:41:30 GMT" time="33.520" errors="0">
  <testcase name="opengmail" time="33.520" classname="whatappTest.whatsapp"/>
</testsuite> <!-- whatappTest.whatsapp -->
